wordlist.efficiency
add 109
fix 102
base 24
optimize 18
fixing 14
correction 12
command 7
process 5
frame 5
string 4
optimization 4
fast 3
end 3
count 3
upgrade 2
speed 2
solve 2
record 2
avoid 2
slow 1
shorten 1
scratch 1
resolve 1
quick 1
loading 1
frequency 1
estimate 1
corrections 1
control 1
constant 1
administration 1
wordlist.functionality
fix 102
update 43
window 22
tack 9
key 9
support 8
memory 8
difference 8
mark 7
system 6
ease 6
lease 5
grate 5
frame 5
ring 4
strategy 3
label 3
source 2
power 2
gain 2
buffer 2
buff 2
bar 2
tool 1
machine 1
grant 1
extract 1
complex 1
catch 1
wordlist.maintainability
file 140
log 19
difference 8
mark 7
ease 6
point 5
document 5
environment 4
order 3
improvement 3
end 3
action 3
verify 2
record 2
power 2
post 2
place 2
mode 2
union 1
tract 1
tension 1
sleep 1
representation 1
processing 1
ownership 1
need 1
increase 1
enlargement 1
dependency 1
control 1
condition 1
wordlist.portability
os 17
support 8
form 8
program 6
function 6
documentation 5
transaction 3
action 3
upgrade 2
routine 1
migration 1
integration 1
wordlist.reliability
error 279
check 196
change 67
move 60
bug 25
correct 24
age 20
set 18
make 18
ram 17
out 17
ace 15
crash 14
lock 10
sing 9
run 9
list 9
mat 8
form 8
case 8
fail 7
vent 6
stall 6
din 6
point 5
grate 5
get 5
format 5
cover 5
work 4
ting 4
ring 4
fault 4
default 4
adjust 4
turn 3
rap 3
pass 3
order 3
let 3
gel 3
end 3
adapt 3
action 3
static 2
start 2
resume 2
refresh 2
power 2
part 2
modify 2
ill 2
flow 2
find 2
fails 2
drop 2
cut 2
yield 1
worker 1
value 1
union 1
stance 1
sink 1
scratch 1
representation 1
report 1
regard 1
prim 1
pop 1
ping 1
ownership 1
nod 1
instance 1
header 1
grow 1
go 1
failure 1
exit 1
enlargement 1
eld 1
dress 1
develop 1
dependency 1
cycle 1
corrections 1
condition 1
close 1
catch 1
calm 1
administration 1
wordlist.usability
error 279
check 196
test 125
fix 102
window 22
monitor 19
set 18
ram 17
ui 16
view 15
port 15
back 15
elect 12
trace 11
user 8
use 8
man 8
compiler 8
case 8
miss 7
name 6
module 6
function 6
longer 5
etch 5
cover 5
diagnose 4
default 4
gui 3
end 3
aries 3
application 3
wrapper 2
wrap 2
wall 2
top 2
stop 2
possibility 2
match 2
liver 2
libra 2
feature 2
cut 2
cap 2
bar 2
worker 1
ward 1
sort 1
show 1
self 1
resolve 1
relative 1
relation 1
purpose 1
protection 1
present 1
patch 1
owner 1
machine 1
killer 1
go 1
gem 1
extract 1
equal 1
block 1
binary 1
